
> backend-node@1.0.0 start
> node index.js

📡 Attempting MongoDB connection...
🚀 Server running on http://localhost:4001
✅ MongoDB Connected
📊 Database: test
=== CLERK AUTH DEBUG START ===
Request URL: /test-linkedin
Request method: GET
Auth header present: true
Token length: 4
Token preview: test...
Environment variables:
- CLERK_SECRET_KEY: Set
- CLERK_ISSUER_URL: https://amazed-grouse-75.clerk.accounts.dev
- CLERK_AUDIENCE: http://localhost:3000
Verifying token...
❌ Token verification failed: _TokenVerificationError: Invalid JWT form. A JWT consists of three parts separated by dots.
    at decodeJwt (/Users/mzmzma/Desktop/creatorsync/back/backend-node/node_modules/@clerk/backend/dist/index.js:3583:9)
    at verifyToken (/Users/mzmzma/Desktop/creatorsync/back/backend-node/node_modules/@clerk/backend/dist/index.js:4084:43)
    at /Users/mzmzma/Desktop/creatorsync/back/backend-node/node_modules/@clerk/backend/dist/index.js:3217:36
    at clerkAuthMiddleware (/Users/mzmzma/Desktop/creatorsync/back/backend-node/middleware/clerkAuth.js:44:29)
    at Layer.handleRequest (/Users/mzmzma/Desktop/creatorsync/back/backend-node/node_modules/router/lib/layer.js:152:17)
    at trimPrefix (/Users/mzmzma/Desktop/creatorsync/back/backend-node/node_modules/router/index.js:342:13)
    at /Users/mzmzma/Desktop/creatorsync/back/backend-node/node_modules/router/index.js:297:9
    at processParams (/Users/mzmzma/Desktop/creatorsync/back/backend-node/node_modules/router/index.js:582:12)
    at next (/Users/mzmzma/Desktop/creatorsync/back/backend-node/node_modules/router/index.js:291:5)
    at Function.handle (/Users/mzmzma/Desktop/creatorsync/back/backend-node/node_modules/router/index.js:186:3) {
  reason: 'token-invalid',
  action: undefined
}
=== CLERK AUTH DEBUG END ===
=== CLERK AUTH DEBUG START ===
Request URL: /posts
Request method: GET
Auth header present: true
Token length: 4
Token preview: test...
Environment variables:
- CLERK_SECRET_KEY: Set
- CLERK_ISSUER_URL: https://amazed-grouse-75.clerk.accounts.dev
- CLERK_AUDIENCE: http://localhost:3000
Verifying token...
❌ Token verification failed: _TokenVerificationError: Invalid JWT form. A JWT consists of three parts separated by dots.
    at decodeJwt (/Users/mzmzma/Desktop/creatorsync/back/backend-node/node_modules/@clerk/backend/dist/index.js:3583:9)
    at verifyToken (/Users/mzmzma/Desktop/creatorsync/back/backend-node/node_modules/@clerk/backend/dist/index.js:4084:43)
    at /Users/mzmzma/Desktop/creatorsync/back/backend-node/node_modules/@clerk/backend/dist/index.js:3217:36
    at clerkAuthMiddleware (/Users/mzmzma/Desktop/creatorsync/back/backend-node/middleware/clerkAuth.js:44:29)
    at Layer.handleRequest (/Users/mzmzma/Desktop/creatorsync/back/backend-node/node_modules/router/lib/layer.js:152:17)
    at trimPrefix (/Users/mzmzma/Desktop/creatorsync/back/backend-node/node_modules/router/index.js:342:13)
    at /Users/mzmzma/Desktop/creatorsync/back/backend-node/node_modules/router/index.js:297:9
    at processParams (/Users/mzmzma/Desktop/creatorsync/back/backend-node/node_modules/router/index.js:582:12)
    at next (/Users/mzmzma/Desktop/creatorsync/back/backend-node/node_modules/router/index.js:291:5)
    at Function.handle (/Users/mzmzma/Desktop/creatorsync/back/backend-node/node_modules/router/index.js:186:3) {
  reason: 'token-invalid',
  action: undefined
}
=== CLERK AUTH DEBUG END ===
=== CLERK AUTH DEBUG START ===
Request URL: /test-linkedin
Request method: GET
Auth header present: true
Token length: 4
Token preview: test...
Environment variables:
- CLERK_SECRET_KEY: Set
- CLERK_ISSUER_URL: https://amazed-grouse-75.clerk.accounts.dev
- CLERK_AUDIENCE: http://localhost:3000
Verifying token...
❌ Token verification failed: _TokenVerificationError: Invalid JWT form. A JWT consists of three parts separated by dots.
    at decodeJwt (/Users/mzmzma/Desktop/creatorsync/back/backend-node/node_modules/@clerk/backend/dist/index.js:3583:9)
    at verifyToken (/Users/mzmzma/Desktop/creatorsync/back/backend-node/node_modules/@clerk/backend/dist/index.js:4084:43)
    at /Users/mzmzma/Desktop/creatorsync/back/backend-node/node_modules/@clerk/backend/dist/index.js:3217:36
    at clerkAuthMiddleware (/Users/mzmzma/Desktop/creatorsync/back/backend-node/middleware/clerkAuth.js:44:29)
    at Layer.handleRequest (/Users/mzmzma/Desktop/creatorsync/back/backend-node/node_modules/router/lib/layer.js:152:17)
    at trimPrefix (/Users/mzmzma/Desktop/creatorsync/back/backend-node/node_modules/router/index.js:342:13)
    at /Users/mzmzma/Desktop/creatorsync/back/backend-node/node_modules/router/index.js:297:9
    at processParams (/Users/mzmzma/Desktop/creatorsync/back/backend-node/node_modules/router/index.js:582:12)
    at next (/Users/mzmzma/Desktop/creatorsync/back/backend-node/node_modules/router/index.js:291:5)
    at Function.handle (/Users/mzmzma/Desktop/creatorsync/back/backend-node/node_modules/router/index.js:186:3) {
  reason: 'token-invalid',
  action: undefined
}
=== CLERK AUTH DEBUG END ===
=== CLERK AUTH DEBUG START ===
Request URL: /test-linkedin
Request method: GET
Auth header present: false
❌ No valid auth header
=== CLERK AUTH DEBUG START ===
Request URL: /test-linkedin
Request method: GET
Auth header present: true
Token length: 18
Token preview: invalid_token_here...
Environment variables:
- CLERK_SECRET_KEY: Set
- CLERK_ISSUER_URL: https://amazed-grouse-75.clerk.accounts.dev
- CLERK_AUDIENCE: http://localhost:3000
Verifying token...
❌ Token verification failed: _TokenVerificationError: Invalid JWT form. A JWT consists of three parts separated by dots.
    at decodeJwt (/Users/mzmzma/Desktop/creatorsync/back/backend-node/node_modules/@clerk/backend/dist/index.js:3583:9)
    at verifyToken (/Users/mzmzma/Desktop/creatorsync/back/backend-node/node_modules/@clerk/backend/dist/index.js:4084:43)
    at /Users/mzmzma/Desktop/creatorsync/back/backend-node/node_modules/@clerk/backend/dist/index.js:3217:36
    at clerkAuthMiddleware (/Users/mzmzma/Desktop/creatorsync/back/backend-node/middleware/clerkAuth.js:44:29)
    at Layer.handleRequest (/Users/mzmzma/Desktop/creatorsync/back/backend-node/node_modules/router/lib/layer.js:152:17)
    at trimPrefix (/Users/mzmzma/Desktop/creatorsync/back/backend-node/node_modules/router/index.js:342:13)
    at /Users/mzmzma/Desktop/creatorsync/back/backend-node/node_modules/router/index.js:297:9
    at processParams (/Users/mzmzma/Desktop/creatorsync/back/backend-node/node_modules/router/index.js:582:12)
    at next (/Users/mzmzma/Desktop/creatorsync/back/backend-node/node_modules/router/index.js:291:5)
    at Function.handle (/Users/mzmzma/Desktop/creatorsync/back/backend-node/node_modules/router/index.js:186:3) {
  reason: 'token-invalid',
  action: undefined
}
=== CLERK AUTH DEBUG END ===
