INFO:     Will watch for changes in these directories: ['/Users/mzmzma/Desktop/creatorsync/back/backend-python']
INFO:     Uvicorn running on http://0.0.0.0:5001 (Press CTRL+C to quit)
INFO:     Started reloader process [79886] using StatReload
INFO:     Started server process [79890]
INFO:     Waiting for application startup.
INFO:     Application startup complete.
INFO:     127.0.0.1:59163 - "GET /ping HTTP/1.1" 200 OK
INFO:     127.0.0.1:59163 - "GET /ping HTTP/1.1" 200 OK
INFO:     127.0.0.1:59169 - "GET /docs HTTP/1.1" 200 OK
AWS Region: us-west-2
AWS Access Key ID exists: True
AWS Secret Key exists: True
Uploading to bucket: bigvideograb-media
Content type: video/mp4
File size: 4701240 bytes
S3 Bucket Error - Code: 403, Message: Forbidden
Error processing upload: 
INFO:     127.0.0.1:59182 - "POST /api/v1/upload HTTP/1.1" 500 Internal Server Error
WARNING:  StatReload detected changes in 'routes/media.py'. Reloading...
INFO:     Shutting down
INFO:     Waiting for application shutdown.
INFO:     Application shutdown complete.
INFO:     Finished server process [79890]
INFO:     Started server process [80676]
INFO:     Waiting for application startup.
INFO:     Application startup complete.
WARNING:  StatReload detected changes in 'routes/media.py'. Reloading...
INFO:     Shutting down
INFO:     Waiting for application shutdown.
INFO:     Application shutdown complete.
INFO:     Finished server process [80676]
INFO:     Started server process [80704]
INFO:     Waiting for application startup.
INFO:     Application startup complete.
